  Camera.cpp
D:\OneDrive UNAM\OneDrive - UNIVERSIDAD NACIONAL AUTÓNOMA DE MÉXICO\Escuelisha\Britt\grafica\ProyectoFinalTablero (2)\ProyectoFinalTablero\Practica7\Camera.h(3,10): fatal  error C1083: No se puede abrir el archivo incluir: 'glew.h': No such file or directory
  DirectionalLight.cpp
D:\OneDrive UNAM\OneDrive - UNIVERSIDAD NACIONAL AUTÓNOMA DE MÉXICO\Escuelisha\Britt\grafica\ProyectoFinalTablero (2)\ProyectoFinalTablero\Practica7\Light.h(3,10): fatal  error C1083: No se puede abrir el archivo incluir: 'glew.h': No such file or directory
  Light.cpp
D:\OneDrive UNAM\OneDrive - UNIVERSIDAD NACIONAL AUTÓNOMA DE MÉXICO\Escuelisha\Britt\grafica\ProyectoFinalTablero (2)\ProyectoFinalTablero\Practica7\Light.h(3,10): fatal  error C1083: No se puede abrir el archivo incluir: 'glew.h': No such file or directory
  Material.cpp
D:\OneDrive UNAM\OneDrive - UNIVERSIDAD NACIONAL AUTÓNOMA DE MÉXICO\Escuelisha\Britt\grafica\ProyectoFinalTablero (2)\ProyectoFinalTablero\Practica7\Material.h(3,10): fatal  error C1083: No se puede abrir el archivo incluir: 'glew.h': No such file or directory
  Mesh_tn.cpp
D:\OneDrive UNAM\OneDrive - UNIVERSIDAD NACIONAL AUTÓNOMA DE MÉXICO\Escuelisha\Britt\grafica\ProyectoFinalTablero (2)\ProyectoFinalTablero\Practica7\Mesh.h(3,10): fatal  error C1083: No se puede abrir el archivo incluir: 'glew.h': No such file or directory
  Model.cpp
D:\OneDrive UNAM\OneDrive - UNIVERSIDAD NACIONAL AUTÓNOMA DE MÉXICO\Escuelisha\Britt\grafica\ProyectoFinalTablero (2)\ProyectoFinalTablero\Practica7\Model.h(4,9): fatal  error C1083: No se puede abrir el archivo incluir: 'assimp/Importer.hpp': No such file or directory
  PointLight.cpp
D:\OneDrive UNAM\OneDrive - UNIVERSIDAD NACIONAL AUTÓNOMA DE MÉXICO\Escuelisha\Britt\grafica\ProyectoFinalTablero (2)\ProyectoFinalTablero\Practica7\Light.h(3,10): fatal  error C1083: No se puede abrir el archivo incluir: 'glew.h': No such file or directory
  practica10keyframes.cpp
D:\OneDrive UNAM\OneDrive - UNIVERSIDAD NACIONAL AUTÓNOMA DE MÉXICO\Escuelisha\Britt\grafica\ProyectoFinalTablero (2)\ProyectoFinalTablero\Practica7\practica10keyframes.cpp(18,10): fatal  error C1083: No se puede abrir el archivo incluir: 'glew.h': No such file or directory
  Shader_light.cpp
D:\OneDrive UNAM\OneDrive - UNIVERSIDAD NACIONAL AUTÓNOMA DE MÉXICO\Escuelisha\Britt\grafica\ProyectoFinalTablero (2)\ProyectoFinalTablero\Practica7\Shader_light.h(7,10): fatal  error C1083: No se puede abrir el archivo incluir: 'glew.h': No such file or directory
  Skybox.cpp
D:\OneDrive UNAM\OneDrive - UNIVERSIDAD NACIONAL AUTÓNOMA DE MÉXICO\Escuelisha\Britt\grafica\ProyectoFinalTablero (2)\ProyectoFinalTablero\Practica7\Skybox.h(6,9): fatal  error C1083: No se puede abrir el archivo incluir: 'glew.h': No such file or directory
  Sphere.cpp
D:\OneDrive UNAM\OneDrive - UNIVERSIDAD NACIONAL AUTÓNOMA DE MÉXICO\Escuelisha\Britt\grafica\ProyectoFinalTablero (2)\ProyectoFinalTablero\Practica7\definition.h(11,10): fatal  error C1083: No se puede abrir el archivo incluir: 'glm.hpp': No such file or directory
  SpotLight.cpp
D:\OneDrive UNAM\OneDrive - UNIVERSIDAD NACIONAL AUTÓNOMA DE MÉXICO\Escuelisha\Britt\grafica\ProyectoFinalTablero (2)\ProyectoFinalTablero\Practica7\Light.h(3,10): fatal  error C1083: No se puede abrir el archivo incluir: 'glew.h': No such file or directory
  Texture.cpp
D:\OneDrive UNAM\OneDrive - UNIVERSIDAD NACIONAL AUTÓNOMA DE MÉXICO\Escuelisha\Britt\grafica\ProyectoFinalTablero (2)\ProyectoFinalTablero\Practica7\Texture.h(2,9): fatal  error C1083: No se puede abrir el archivo incluir: 'glew.h': No such file or directory
  Window.cpp
D:\OneDrive UNAM\OneDrive - UNIVERSIDAD NACIONAL AUTÓNOMA DE MÉXICO\Escuelisha\Britt\grafica\ProyectoFinalTablero (2)\ProyectoFinalTablero\Practica7\Window.h(3,9): fatal  error C1083: No se puede abrir el archivo incluir: 'glew.h': No such file or directory
  Generando código...
